2025-10-09 07:15:00 | WARN | repo=a4m36jee-2014 | action=commit
2025-03-06 14:46:00 | INFO | repo=a4m36jee-2014 | action=commit
2025-12-16 08:01:00 | INFO | repo=a4m36jee-2014 | action=commit
2025-12-05 19:29:00 | DEBUG | repo=a4m36jee-2014 | action=commit
2025-05-04 21:03:00 | INFO | repo=a4m36jee-2014 | action=commit
2025-04-18 07:32:00 | INFO | repo=a4m36jee-2014 | action=commit
2025-12-27 07:37:00 | DEBUG | repo=a4m36jee-2014 | action=commit
2025-03-25 07:57:00 | DEBUG | repo=a4m36jee-2014 | action=commit
2025-03-16 17:36:00 | DEBUG | repo=a4m36jee-2014 | action=edit | files=2
2025-12-07 18:27:00 | INFO | repo=a4m36jee-2014 | action=commit
2025-05-27 14:20:00 | DEBUG | repo=a4m36jee-2014 | action=commit
2025-06-14 09:47:00 | INFO | repo=a4m36jee-2014 | action=edit | files=2
2025-06-09 19:50:00 | DEBUG | repo=a4m36jee-2014 | action=commit
2025-08-20 15:39:00 | DEBUG | repo=a4m36jee-2014 | action=commit
2025-06-17 10:12:00 | DEBUG | repo=a4m36jee-2014 | action=commit
2025-11-21 13:05:00 | WARN | repo=a4m36jee-2014 | action=pull
2025-11-22 07:12:00 | DEBUG | repo=a4m36jee-2014 | action=commit
2025-03-02 11:27:00 | WARN | repo=a4m36jee-2014 | action=commit
2025-07-11 08:55:00 | INFO | repo=a4m36jee-2014 | action=commit
2025-08-13 08:44:00 | INFO | repo=a4m36jee-2014 | action=commit
2025-03-13 07:44:00 | INFO | repo=a4m36jee-2014 | action=pull
2025-09-15 08:56:00 | DEBUG | repo=a4m36jee-2014 | action=commit
2025-12-14 20:39:00 | DEBUG | repo=a4m36jee-2014 | action=commit
2025-08-21 17:02:00 | WARN | repo=a4m36jee-2014 | action=commit
2025-05-20 21:40:00 | WARN | repo=a4m36jee-2014 | action=commit
2025-10-28 08:49:00 | WARN | repo=a4m36jee-2014 | action=commit
2025-05-07 10:29:00 | DEBUG | repo=a4m36jee-2014 | action=commit
2025-04-26 09:07:00 | WARN | repo=a4m36jee-2014 | action=commit
2025-04-26 17:59:00 | DEBUG | repo=a4m36jee-2014 | action=test | passed=true
2025-12-28 08:26:00 | DEBUG | repo=a4m36jee-2014 | action=commit
2025-06-28 21:55:00 | INFO | repo=a4m36jee-2014 | action=commit
2025-02-07 08:21:00 | DEBUG | repo=a4m36jee-2014 | action=commit
2025-06-19 08:08:00 | INFO | repo=a4m36jee-2014 | action=commit
2025-10-17 11:31:00 | DEBUG | repo=a4m36jee-2014 | action=commit
2025-05-19 07:05:00 | DEBUG | repo=a4m36jee-2014 | action=commit
2025-03-18 10:48:00 | WARN | repo=a4m36jee-2014 | action=commit
2025-05-11 08:51:00 | INFO | repo=a4m36jee-2014 | action=commit
2025-12-15 08:36:00 | WARN | repo=a4m36jee-2014 | action=commit
2025-01-20 10:36:00 | INFO | repo=a4m36jee-2014 | action=commit
2025-05-04 07:43:00 | WARN | repo=a4m36jee-2014 | action=commit
2025-04-28 09:41:00 | DEBUG | repo=a4m36jee-2014 | action=commit
2025-09-16 15:06:00 | INFO | repo=a4m36jee-2014 | action=commit
2025-02-02 21:22:00 | DEBUG | repo=a4m36jee-2014 | action=commit
